[debug] [2023-11-19T17:13:39.090Z] ----------------------------------------------------------------------
[debug] [2023-11-19T17:13:39.092Z] Command:       C:\Program Files\nodejs\node.exe C:\Users\aviv1\AppData\Roaming\npm\node_modules\firebase-tools\lib\bin\firebase.js init
[debug] [2023-11-19T17:13:39.092Z] CLI Version:   12.9.1
[debug] [2023-11-19T17:13:39.093Z] Platform:      win32
[debug] [2023-11-19T17:13:39.093Z] Node Version:  v18.17.1
[debug] [2023-11-19T17:13:39.094Z] Time:          Sun Nov 19 2023 19:13:39 GMT+0200 (Israel Standard Time)
[debug] [2023-11-19T17:13:39.094Z] ----------------------------------------------------------------------
[debug] 
[debug] [2023-11-19T17:13:39.102Z] > command requires scopes: ["email","openid","https://www.googleapis.com/auth/cloudplatformprojects.readonly","https://www.googleapis.com/auth/firebase","https://www.googleapis.com/auth/cloud-platform"]
[debug] [2023-11-19T17:13:39.103Z] > authorizing via signed-in user (shilat2132@gmail.com)
[info] 
     ######## #### ########  ######## ########     ###     ######  ########
     ##        ##  ##     ## ##       ##     ##  ##   ##  ##       ##
     ######    ##  ########  ######   ########  #########  ######  ######
     ##        ##  ##    ##  ##       ##     ## ##     ##       ## ##
     ##       #### ##     ## ######## ########  ##     ##  ######  ########

You're about to initialize a Firebase project in this directory:

  C:\Users\aviv1\OneDrive\מסמכים\shilat\projects\node\complete-node-bootcamp-master\4-natours\starter

[info] 
=== Project Setup
[info] 
[info] First, let's associate this project directory with a Firebase project.
[info] You can create multiple project aliases by running firebase use --add, 
[info] but for now we'll just set up a default project.
[info] 
[debug] [2023-11-19T17:14:45.207Z] >>> [apiv2][query] GET https://firebase.googleapis.com/v1beta1/projects pageSize=100
[debug] [2023-11-19T17:14:45.977Z] <<< [apiv2][status] GET https://firebase.googleapis.com/v1beta1/projects 200
[debug] [2023-11-19T17:14:45.978Z] <<< [apiv2][body] GET https://firebase.googleapis.com/v1beta1/projects [omitted]
[info] i  Using project natours-2132 (natours) 
[info] 
=== Database Setup
[info] i  database: ensuring required API firebasedatabase.googleapis.com is enabled... 
[debug] [2023-11-19T17:14:54.582Z] >>> [apiv2][query] GET https://serviceusage.googleapis.com/v1/projects/natours-2132/services/firebasedatabase.googleapis.com [none]
[debug] [2023-11-19T17:14:54.582Z] >>> [apiv2][(partial)header] GET https://serviceusage.googleapis.com/v1/projects/natours-2132/services/firebasedatabase.googleapis.com x-goog-quota-user=projects/natours-2132
[debug] [2023-11-19T17:14:55.848Z] <<< [apiv2][status] GET https://serviceusage.googleapis.com/v1/projects/natours-2132/services/firebasedatabase.googleapis.com 200
[debug] [2023-11-19T17:14:55.849Z] <<< [apiv2][body] GET https://serviceusage.googleapis.com/v1/projects/natours-2132/services/firebasedatabase.googleapis.com [omitted]
[warn] !  database: missing required API firebasedatabase.googleapis.com. Enabling now... 
[debug] [2023-11-19T17:14:55.852Z] >>> [apiv2][query] POST https://serviceusage.googleapis.com/v1/projects/natours-2132/services/firebasedatabase.googleapis.com:enable [none]
[debug] [2023-11-19T17:14:55.852Z] >>> [apiv2][(partial)header] POST https://serviceusage.googleapis.com/v1/projects/natours-2132/services/firebasedatabase.googleapis.com:enable x-goog-quota-user=projects/natours-2132
[debug] [2023-11-19T17:14:57.759Z] <<< [apiv2][status] POST https://serviceusage.googleapis.com/v1/projects/natours-2132/services/firebasedatabase.googleapis.com:enable 200
[debug] [2023-11-19T17:14:57.759Z] <<< [apiv2][body] POST https://serviceusage.googleapis.com/v1/projects/natours-2132/services/firebasedatabase.googleapis.com:enable [omitted]
[debug] [2023-11-19T17:15:07.775Z] >>> [apiv2][query] GET https://serviceusage.googleapis.com/v1/projects/natours-2132/services/firebasedatabase.googleapis.com [none]
[debug] [2023-11-19T17:15:07.776Z] >>> [apiv2][(partial)header] GET https://serviceusage.googleapis.com/v1/projects/natours-2132/services/firebasedatabase.googleapis.com x-goog-quota-user=projects/natours-2132
[debug] [2023-11-19T17:15:08.875Z] <<< [apiv2][status] GET https://serviceusage.googleapis.com/v1/projects/natours-2132/services/firebasedatabase.googleapis.com 200
[debug] [2023-11-19T17:15:08.875Z] <<< [apiv2][body] GET https://serviceusage.googleapis.com/v1/projects/natours-2132/services/firebasedatabase.googleapis.com [omitted]
[info] +  database: required API firebasedatabase.googleapis.com is enabled 
[info] 
[debug] [2023-11-19T17:15:08.880Z] >>> [apiv2][query] GET https://firebase.googleapis.com/v1beta1/projects/natours-2132 [none]
[debug] [2023-11-19T17:15:09.197Z] <<< [apiv2][status] GET https://firebase.googleapis.com/v1beta1/projects/natours-2132 200
[debug] [2023-11-19T17:15:09.198Z] <<< [apiv2][body] GET https://firebase.googleapis.com/v1beta1/projects/natours-2132 {"projectId":"natours-2132","projectNumber":"535185562296","displayName":"natours","name":"projects/natours-2132","resources":{"hostingSite":"natours-2132"},"state":"ACTIVE","etag":"1_1d3e8441-b2d9-4b67-9d0c-7d2e9b93deeb"}
[debug] [2023-11-19T17:15:29.677Z] >>> [apiv2][query] POST https://firebasedatabase.googleapis.com/v1beta/projects/natours-2132/locations/asia-southeast1/instances databaseId=natours-2132-default-rtdb&validateOnly=true
[debug] [2023-11-19T17:15:29.677Z] >>> [apiv2][body] POST https://firebasedatabase.googleapis.com/v1beta/projects/natours-2132/locations/asia-southeast1/instances {"type":"default_database"}
[debug] [2023-11-19T17:15:30.957Z] <<< [apiv2][status] POST https://firebasedatabase.googleapis.com/v1beta/projects/natours-2132/locations/asia-southeast1/instances 200
[debug] [2023-11-19T17:15:30.958Z] <<< [apiv2][body] POST https://firebasedatabase.googleapis.com/v1beta/projects/natours-2132/locations/asia-southeast1/instances {"name":"projects/535185562296/locations/asia-southeast1/instances/natours-2132-default-rtdb","project":"projects/535185562296","databaseUrl":"https://natours-2132-default-rtdb.asia-southeast1.firebasedatabase.app","type":"DEFAULT_DATABASE","state":"ACTIVE"}
[debug] [2023-11-19T17:15:30.962Z] >>> [apiv2][query] POST https://firebasedatabase.googleapis.com/v1beta/projects/natours-2132/locations/asia-southeast1/instances databaseId=natours-2132-default-rtdb
[debug] [2023-11-19T17:15:30.962Z] >>> [apiv2][body] POST https://firebasedatabase.googleapis.com/v1beta/projects/natours-2132/locations/asia-southeast1/instances {"type":"default_database"}
[debug] [2023-11-19T17:15:32.410Z] <<< [apiv2][status] POST https://firebasedatabase.googleapis.com/v1beta/projects/natours-2132/locations/asia-southeast1/instances 200
[debug] [2023-11-19T17:15:32.411Z] <<< [apiv2][body] POST https://firebasedatabase.googleapis.com/v1beta/projects/natours-2132/locations/asia-southeast1/instances {"name":"projects/535185562296/locations/asia-southeast1/instances/natours-2132-default-rtdb","project":"projects/535185562296","databaseUrl":"https://natours-2132-default-rtdb.asia-southeast1.firebasedatabase.app","type":"DEFAULT_DATABASE","state":"ACTIVE"}
[info] 
[info] Firebase Realtime Database Security Rules allow you to define how your data should be
[info] structured and when your data can be read from and written to.
[info] 
